{"/mnt/c/Users/pc/Desktop/github/Node/clean-node-api-ts/src/infra/cryptography/bcrypt-adapter.ts": {"path":"/mnt/c/Users/pc/Desktop/github/Node/clean-node-api-ts/src/infra/cryptography/bcrypt-adapter.ts","statementMap":{"0":{"start":{"line":2,"column":0},"end":{"line":2,"column":27}},"1":{"start":{"line":6,"column":4},"end":{"line":6,"column":null}},"2":{"start":{"line":7,"column":4},"end":{"line":7,"column":null}},"3":{"start":{"line":7,"column":34},"end":{"line":7,"column":45}},"4":{"start":{"line":4,"column":0},"end":{"line":4,"column":13}}},"fnMap":{"0":{"name":"(anonymous_1)","decl":{"start":{"line":5,"column":2},"end":{"line":5,"column":7}},"loc":{"start":{"line":5,"column":29},"end":{"line":8,"column":3}}},"1":{"name":"(anonymous_2)","decl":{"start":{"line":7,"column":23},"end":{"line":7,"column":30}},"loc":{"start":{"line":7,"column":34},"end":{"line":7,"column":45}}}},"branchMap":{},"s":{"0":1,"1":1,"2":1,"3":1,"4":1},"f":{"0":1,"1":1},"b":{}}
}
